 Bench  Longitude  Latitude Disp E (mm) Disp N (mm)    Err E       Err N
   130 139.67583  36.36034  -124.00168  -696.54032   254.28115    298.81942
   131 140.10714  36.22546  -135.43106  -986.53193   362.38777    421.48675
   146 139.19054  36.00585  -340.93839  -534.00303   432.90938    572.61764
   102 140.35574  39.29688   338.49981   808.24882   255.01576    227.02885
   105 140.82926  39.16369  -398.82482   513.31163   160.44028    183.70918
   110 140.78883  38.96094  -254.90971   467.39041   185.75129    224.91172
   109 140.21978  39.03204  -128.54919   716.58307   287.83062    285.24168
   106 141.18438  39.01291  -827.77332   384.97711   173.66863    228.25639
   108 141.17213  38.56479 -1033.52199   389.71542   240.23709    352.17850
   113 140.82537  38.18969    -2.13043   921.70674   286.07567    387.31742
   112 140.62029  38.45548   -69.51218   611.36132   253.41146    324.93846
   111 140.21096  38.52929   103.98440   687.13806   264.75062    324.57796
   114 140.16519  38.22678    74.76849   492.99357   257.51692    333.94264
   115 140.47677  38.09445    62.98166   656.68229   266.72429    344.88328
   116 140.79366  37.80050   350.07524   368.73623   322.39690    366.00805
   118 140.24478  37.73541   170.75608   183.20452   241.74203    283.38717
   117 139.70757  37.85488   163.81307   123.76514   225.85968    305.50926
   119 140.70207  37.35495   268.19664    -4.26175   345.62791    322.93420
   121 139.71521  37.36322   -67.72130  -269.82799   159.24832    176.39974
   120 140.20474  37.37407    30.02120   -46.01141   233.96229    232.10807
   122 140.74896  37.06635   -12.22582   -85.12308   388.82432    334.38764
   124 140.27342  36.93021    43.25713  -262.04186   260.14582    217.33413
   330 139.96186  37.15020  -220.09840  -286.36737   178.05739    171.57997
   125 139.77721  36.90003  -192.73894  -185.63970   149.59670    136.99283 
   123 139.35427  37.04766   -27.35360   -90.64120   111.51609    123.18464
   127 140.58825  36.62104  -367.07951  -630.74704   407.84786    339.24471 
   126 139.49129  36.76521  -114.68075  -261.58505   130.41251    140.67138
   128 140.22984  36.61753  -153.14364  -639.83215   299.11381    270.74570 
   129 139.88771  36.57005   -59.78872  -564.12836   223.79536    238.72153
   174 139.17782  36.54107  -214.37394  -265.81999   219.63178    211.02762  
   145 138.95523  36.98302    80.24529    -3.32557   199.71322    164.39853  
   144 138.48445  37.28961   339.30019   608.96586   354.97904    332.44001 
   173 138.56002  36.74212  -222.22239   410.31844   336.69615    265.50095 
   171 138.11371  36.89279   242.57274   590.63751   499.49893    410.19273 
   178 138.02193  36.48429   -16.17398   515.64457   598.57901    513.75207  
   180 138.59792  36.27975  -570.12885    75.81551   444.43732    428.82037  
   177 138.39216  36.55374  -535.97945   392.33312   463.88973    402.26920  
   183 138.29557  36.10382  -528.32475   508.80307   595.33240    646.83016  
   134 139.74797  38.76299   197.02221   638.75750   375.41820    362.68444  
   136 139.84952  38.34299   191.84506   402.18421   294.93064    369.91443 
   142 139.34585  37.62247   246.10995   -12.25954   194.38627    267.02462 
   137 139.51495  38.12783   233.76046   319.43704   282.60821    382.97196 
   143 139.23405  37.34365   223.31771   -51.42601   154.05651    194.76419
   139 139.14320  37.95139   412.82041   388.77689   290.18137    397.10987 
   140 138.81682  37.71863   379.43190    89.72498   315.01782    375.14635  
    87 140.40931  40.42847  1059.67039  -282.02580   422.91270    647.88985   
    90 140.94481  40.24601   309.55343  -113.72990   291.06749    438.05323 
    94 140.54463  39.97675   684.87538    89.66249   250.60661    335.68538   
    91 140.13072  40.18741  1595.27754   -51.96510   466.40056    539.54005 
    88 141.58479  40.40068    97.76566  -573.23651   473.37817    526.74504 
    92 141.75889  40.04966  -207.47186  -495.24209   409.18217    361.64234 
    93 141.54140  40.03803  -294.86504  -326.03559   323.38684    330.82243 
    89 141.30880  40.38796   434.96260   -96.54129   401.07486    520.07010 
    95 141.00145  39.85261   127.89741   -34.97261   159.32438    233.12729  
    96 140.31115  39.79700   978.12651   524.79221   302.34512    308.78530  
    97 141.78148  39.72688  -711.48228  -151.77514   339.26326    287.57291 
    99 141.48944  39.55835  -503.50893    55.52280   205.90845    186.05051  
    98 140.75469  39.57040    39.17562   330.55711   136.76072    168.85191 
   101 141.18986  39.33785  -498.80549   254.60750   123.75420    148.05911
   100 141.97527  39.53859  -920.91804   167.60905   397.11610    305.46559  
   104 141.72951  39.20398  -827.43002   423.64441   284.66671    275.86212 
   103 141.40212  39.20116  -734.50818   404.09013   175.76525    203.98336 
   107 141.44763  38.97522  -904.93314   423.81861   210.57874    281.29323  
