 Bench  Longitude  Latitude Disp E (mm) Disp N (mm)    Err E       Err N
   130 139.67583  36.36035   -41.34051    67.55331    107.38672     89.17598 
   131 140.10714  36.22547  -370.44211    62.71402    136.32371    131.99633
   146 139.19054  36.00584   387.69323   467.68485    166.24285    259.18950 
   102 140.35573  39.29689   301.72237   356.29631     86.55642    104.62990     
   105 140.82925  39.16370  -232.90131   101.00520     72.58819     80.74864     
   110 140.78883  38.96095  -103.15029   -71.54845     72.61231     75.69049   
   109 140.21978  39.03205   -85.72766   164.83547    104.72863    124.13990     
   106 141.18437  39.01292  -509.85822  -115.31754     78.03244     78.99904   
   108 141.17212  38.56480  -847.11029  -376.59925     90.22871    132.96643   
   113 140.82537  38.18970  -167.30894   171.76339     90.89680    125.85894   
   112 140.62028  38.45549   -72.66449     2.71146     85.67774     96.63229   
   111 140.21096  38.52930   153.42309   180.28204     81.22469    101.99696         
   114 140.16518  38.22679    34.30697    57.51214     75.99828    102.38824     
   115 140.47677  38.09446   -98.45138   130.82586     81.75375    103.48792   
   116 140.79365  37.80052  -105.15335  -120.49402     98.41129    127.66569   
   118 140.24477  37.73542   -55.52961   -44.69752     72.38885     91.38891    
   117 139.70757  37.85489   162.66746    -2.96693     81.34368    101.81229    
   119 140.70207  37.35496  -396.07587   -58.12043     97.66612    127.37901     
   121 139.71520  37.36323  -158.76338  -154.58534     68.03815     63.00826     
   120 140.20474  37.37409  -308.22828    -2.33005     71.52679     86.26468     
   122 140.74896  37.06636  -813.61973    90.09462    111.17148    156.45905     
   124 140.27342  36.93022  -401.32392    88.95650     69.66894     81.70352    
   330 139.96186  37.15021  -466.16063   -47.92621     60.62883     72.02521     
   125 139.77721  36.90004  -342.31487   171.31166     66.43660     61.69858  
   123 139.35427  37.04767    21.50155   101.54559     68.66493     70.20821     
   127 140.58825  36.62106 -1099.86124    31.46028    133.40503    122.84098  
   126 139.49129  36.76522   -56.74567   133.36152     68.88740     69.81746    
   128 140.22984  36.61754  -579.64153    20.40361     93.42324     86.50763  
   129 139.88771  36.57006  -196.63706    85.95015     82.48307     76.89935    
   174 139.17782  36.54108   119.98582    48.37015     91.81292     77.48710     
   145 138.95523  36.98303   220.75955   115.28836     91.27050     77.55412    
   144 138.48445  37.28961   302.29108   694.36511    107.66840    122.87745    
   173 138.56002  36.74212   -21.68133   328.33870     82.46515     80.74802   
   171 138.11371  36.89280    72.86164   472.69216    106.77406    160.99717    
   178 138.02193  36.48429  -161.77747  -107.23504    138.25162    130.25342    
   180 138.59792  36.27975    -4.70823  -265.42470    133.68076    104.59749   
   177 138.39216  36.55375  -413.78661    12.30244    168.49708    145.87318    
   183 138.29557  36.10383  -144.33576  -373.66263    173.52602    190.51317      
   134 139.74796  38.76300   351.37127   171.62539    142.31852    155.34532    
   136 139.84952  38.34300   232.14927    20.50631    100.18981    117.00981    
   142 139.34585  37.62248   294.05313    30.02717     82.12092     88.21708    
   137 139.51494  38.12784   334.26202   197.53383    111.22328    123.46955     
   143 139.23405  37.34366   277.43322    48.13864     74.55168     74.42728   
   139 139.14320  37.95140   556.74992   473.83574    122.93742    132.54653     
   140 138.81681  37.71864   377.73729   232.51325    137.22795    124.07155     
    87 140.40930  40.42849   199.17530   -41.72107    147.08622    190.35928  
    90 140.94480  40.24603   -84.96400   367.83177    113.03863     79.67860    
    94 140.54462  39.97676   268.14367    73.47477     78.50649     91.52766  
    91 140.13071  40.18743   801.77915  -198.39104    144.61536    186.11420     
    88 141.58478  40.40069   141.76332   503.51506    131.33713    152.64392      
    92 141.75888  40.04968   248.67041   198.43351     96.67622    112.09923      
    93 141.54140  40.03804   -38.95940   241.44536     69.84167     92.84605    
    89 141.30879  40.38797   204.66886   808.29556    137.37798    143.08398      
    95 141.00144  39.85262    72.08630    95.95812     75.31635     70.66939     
    96 140.31114  39.79701   611.01945   279.01599     81.86739    119.70876     
    97 141.78147  39.72690   -59.52416   161.23578     84.24303    126.52091    
    99 141.48943  39.55837   -52.79512   114.15950     63.84417     83.55124    
    98 140.75469  39.57042     4.40819   139.01898     64.92056     87.89337     
   101 141.18985  39.33786  -221.98381    45.76898     67.08455     71.78567      
   100 141.97526  39.53860   -36.69639   348.73055    123.27094    129.62678     
   104 141.72951  39.20399   -85.50049   161.51647     96.77007    103.58974      
   103 141.40211  39.20117  -266.79787   108.83098     66.09095     80.15554      
   107 141.44763  38.97523  -412.68105  -108.65505     76.10730     97.90568     
