 Bench  Longitude  Latitude Disp E (mm) Disp N (mm)    Err E       Err N
   130 139.67583  36.36035  -211.96232    36.18067     71.37791     76.44391   
   131 140.10714  36.22547  -324.38026    68.90200     93.63593    112.17105    
   146 139.19054  36.00584   147.73069   670.91916    112.95226    208.18205   
   102 140.35573  39.29689   447.38284  -115.93262     68.11751     64.25555    
   105 140.82925  39.16370  -212.81379   -67.67138     58.69836     55.73491    
   110 140.78883  38.96095    -9.79240  -158.98947     57.11379     52.97327    
   109 140.21978  39.03205   277.76571  -114.26040     72.33398     78.07123    
   106 141.18437  39.01292  -452.66574    15.06953     57.33274     56.46029    
   108 141.17212  38.56480  -732.64783    30.73731     68.91112     82.02479    
   113 140.82537  38.18970  -151.32064   375.34547     67.02514     69.39265    
   112 140.62028  38.45549   -29.48616   228.59078     58.63707     55.86256    
   111 140.21096  38.52930   154.77450   364.86715     53.49546     65.83713    
   376 140.11322  38.83543   738.16228  -171.19956    111.16779     83.05465    
   377 140.44890  38.84025  -134.74619   -62.63812     79.48620     77.28201    
   114 140.16518  38.22679     5.42158   298.48825     60.46164     63.90732    
   115 140.47677  38.09446   -93.98859   260.75129     59.65736     61.96142    
   116 140.79365  37.80052  -111.95586    17.67308     67.73110     84.25099    
   118 140.24477  37.73542    -2.12136    73.63755     54.99490     62.32301    
   117 139.70757  37.85489   295.99310   252.04791     64.31382     68.28610   
   119 140.70207  37.35496  -591.76395  -107.81598     72.50496     85.10382    
   121 139.71520  37.36323  -115.27891  -129.26957     51.77889     53.46275    
   120 140.20474  37.37409  -359.23532   -45.50717     55.21353     63.68392 
   122 140.74896  37.06636 -1029.65749   197.14893     90.76224    108.16780 
   124 140.27342  36.93022  -484.35561    90.90103     61.82203     61.51037    
   330 139.96186  37.15021  -447.58182  -191.70632     50.83926     58.10576    
   125 139.77721  36.90004  -290.87798   -12.24557     52.47136     49.82323  
   123 139.35427  37.04767    64.27517    85.67247     51.91910     57.35923  
   127 140.58825  36.62106 -1082.91670    58.31565    117.28910     86.09039   
   126 139.49129  36.76522   -23.43242   -74.67459     51.07683     58.72006 
   128 140.22984  36.61754  -595.50780    41.00465     71.14407     63.44482   
   129 139.88771  36.57006  -355.45194    81.20552     56.27863     61.93069
   174 139.17782  36.54108   154.17692   -61.61771     65.15373     64.46822  
   145 138.95523  36.98303    93.90758    13.30732     65.85464     58.59124  
   144 138.48445  37.28961   393.13951   388.73664     76.45593     85.04896 
   173 138.56002  36.74212  -103.50436   260.42806     57.92266     57.49133   
   171 138.11371  36.89280   517.96088   185.60336     79.38150     92.22443  
   178 138.02193  36.48429   -17.49305  -241.12951     81.53645     86.50709   
   180 138.59792  36.27975  -172.42994  -290.29561     86.01260     80.26805   
   177 138.39216  36.55375  -270.80545    64.08446    133.75817    116.64929   
   183 138.29557  36.10383  -311.74578  -379.12177    110.26007    128.71101  
   134 139.74796  38.76300   748.61928   189.13510     96.06019    101.53495    
   136 139.84952  38.34300   255.29459   384.54294     76.78277     64.48590  
   142 139.34585  37.62248   396.05120   229.61296     58.67634     63.26800  
   137 139.51494  38.12784   566.19807   388.09156    106.50516     80.69436  
   143 139.23405  37.34366   329.46275   -58.78248     52.50489     57.49288  
   139 139.14320  37.95140   723.50931  1174.62228     91.24778     99.78635  
   140 138.81681  37.71864   586.57556   421.20584     88.04304     86.08466   
    87 140.40930  40.42849    90.64390     2.91190     86.65870    114.22431   
    90 140.94480  40.24603    14.54179   392.09527     74.15834     57.30113    
    94 140.54462  39.97676   319.11851    -4.34924     50.32804     62.37708    
    91 140.13071  40.18743   434.46154  -156.63472     76.55496    116.89489  
    88 141.58478  40.40069   -21.24864   517.80806     87.25205     93.06934   
    92 141.75888  40.04968   159.42709   381.62769     66.02800     74.86611   
    93 141.54140  40.03804     8.80258   416.77113     50.05096     61.93233    
    89 141.30879  40.38797   -79.10163   567.46033     85.43377     79.60449   
    95 141.00144  39.85262    22.95141   197.70700     53.53687     53.45957    
    96 140.31114  39.79701   472.87244  -187.17753     53.56306     82.16792   
    97 141.78147  39.72690   -32.80881   286.09225     66.11395     81.47692    
    99 141.48943  39.55837  -123.04438   175.59162     50.70133     55.16930     
    98 140.75469  39.57042   105.82235    17.30460     46.28485     56.64075   
   101 141.18985  39.33786  -202.70838    83.37373     49.89105     48.96799  
   100 141.97526  39.53860    15.70275   173.86558     92.42156     79.19958    
   104 141.72951  39.20399  -187.69928   136.47559     71.29944     68.35367  
   103 141.40211  39.20117  -311.71305   100.83647     51.76875     55.42882  
   107 141.44763  38.97523  -478.44713    39.79280     59.32573     70.07627    
