 Bench Longitude  Latitude  VE(mm/yr) VN(mm/yr)  Err E      Err N
   130 139.67583  36.36035 -12.29616  11.95226   0.81557   0.87346
   131 140.10714  36.22547 -14.05176  12.66617   1.06990   1.28168
   146 139.19054  36.00584  -7.89511  19.49226   1.29061   2.37872
   102 140.35573  39.29689  -4.81971  12.58798   0.77832   0.73419
   105 140.82925  39.16370 -12.90971  11.36635   0.67070   0.63683
   110 140.78883  38.96095 -11.33235  10.03040   0.65259   0.60528
   109 140.21978  39.03205  -8.56172  11.84691   0.82650   0.89205
   106 141.18437  39.01292 -16.17820  11.45792   0.65509   0.64512
   108 141.17212  38.56480 -20.12195  11.16270   0.78739   0.93723
   113 140.82537  38.18970 -14.07416  14.61445   0.76584   0.79289
   112 140.62028  38.45549 -12.78236  13.21613   0.66999   0.63829
   111 140.21096  38.52930 -11.05893  14.97791   0.61125   0.75226
   376 140.11322  38.83543  -4.14163  10.47431   1.27022   0.94899
   377 140.44890  38.84025 -12.84415  11.22235   0.90822   0.88303
   114 140.16518  38.22679 -12.73126  13.26924   0.69084   0.73021
   115 140.47677  38.09446 -13.63319  13.02877   0.68165   0.70798
   116 140.79365  37.80052 -13.52378  10.34729   0.77390   0.96266
   118 140.24477  37.73542 -12.17141  10.52293   0.62838   0.71211
   117 139.70757  37.85489  -8.85793  11.57919   0.73486   0.78025
   119 140.70207  37.35496 -18.66316   9.24369   0.82845   0.97241
   121 139.71520  37.36323 -12.24795   7.90225   0.59163   0.61087
   120 140.20474  37.37409 -15.66487   9.48045   0.63088   0.72766
   122 140.74896  37.06636 -23.45238  13.22225   1.03706   1.23594
   124 140.27342  36.93022 -16.57934  11.85909   0.70639   0.70283
   330 139.96186  37.15021 -16.03924   7.90303   0.58090   0.66392
   125 139.77721  36.90004 -13.65476  10.32930   0.59954   0.56929
   123 139.35427  37.04767  -8.89897  10.64867   0.59323   0.65539
   127 140.58825  36.62106 -23.51213  12.18753   1.34016   0.98368
   126 139.49129  36.76522 -10.02828   9.79154   0.58361   0.67094
   128 140.22984  36.61754 -17.55571  11.75338   0.81290   0.72493
   129 139.88771  36.57006 -14.33742  12.11298   0.64305   0.70763
   174 139.17782  36.54108  -7.30078  10.81652   0.74445   0.73662
   145 138.95523  36.98303  -7.19057   9.69857   0.75246   0.66947
   144 138.48445  37.28961  -2.06449  11.64076   0.87360   0.97178
   173 138.56002  36.74212  -7.52573  13.72187   0.66183   0.65690
   171 138.11371  36.89280   2.19788  11.58276   0.90702   1.05377
   178 138.02193  36.48429  -3.03522  10.05589   0.93165   0.98844
   180 138.59792  36.27975  -8.59374  10.71808   0.98279   0.91715
   177 138.39216  36.55375  -8.02554  13.26445   1.52834   1.33285
   183 138.29557  36.10383  -8.18032  11.55666   1.25985   1.47067
   134 139.74796  38.76300  -6.19209  13.89679   1.09760   1.16015
   136 139.84952  38.34300 -10.64545  13.85800   0.87733   0.73682
   142 139.34585  37.62248  -6.52406  10.53747   0.67044   0.72291
   137 139.51494  38.12784  -6.73231  12.29885   1.21694   0.92202
   143 139.23405  37.34366  -6.16424   7.79773   0.59993   0.65692
   139 139.14320  37.95140  -3.69910  19.74280   1.04261   1.14017
   140 138.81681  37.71864  -3.08040  10.71482   1.00599   0.98361
    87 140.40930  40.42849   0.48736   9.32524   0.99017   1.30514
    90 140.94480  40.24603  -4.25892  12.36903   0.84734   0.65473
    94 140.54462  39.97676  -1.04677  11.35037   0.57505   0.71273
    91 140.13071  40.18743   3.76781  10.59187   0.87473   1.33566
    88 141.58478  40.40069  -6.77411  10.31050   0.99695   1.06342
    92 141.75888  40.04968  -6.99738  10.29314   0.75444   0.85543
    93 141.54140  40.03804  -7.84665  11.44721   0.57189   0.70765
    89 141.30879  40.38797  -6.19653  11.95236   0.97618   0.90957
    95 141.00144  39.85262  -6.72997  12.02218   0.61172   0.61084
    96 140.31114  39.79701  -0.06350  11.39265   0.61202   0.93886
    97 141.78147  39.72690 -10.54897  10.81012   0.75543   0.93097
    99 141.48943  39.55837 -11.17599  11.10918   0.57932   0.63037
    98 140.75469  39.57042  -6.87058  12.08231   0.52886   0.64718
   101 141.18985  39.33786 -12.23813  11.66895   0.57006   0.55951
   100 141.97526  39.53860 -11.24431   9.78395   1.05602   0.90494
   104 141.72951  39.20399 -13.74994  11.30553   0.81468   0.78102
   103 141.40211  39.20117 -14.32835  11.61965   0.59152   0.63334
   107 141.44763  38.97523 -16.81958  11.38172   0.67786   0.80070