 Bench Longitude  Latitude  VE(mm/yr) VN(mm/yr)  Err E      Err N
   130 139.67583  36.36035 -18.19852  21.48787   5.91169   4.15782
   174 139.17782  36.54108  -4.45480  11.01850   4.62480   3.40410
   131 140.10714  36.22547 -14.26831  28.91100   7.31097   6.65778
   146 139.19054  36.00584 -11.13239  35.05878   9.87009   7.96211
   129 139.88771  36.57006 -20.94978  21.10245   4.54561   4.63118
   126 139.49129  36.76522  -8.62676   6.22304   3.16763   2.79433
   128 140.22984  36.61754 -20.48227  22.10661   4.71595   5.81927
   127 140.58825  36.62106 -24.65505  22.77080   5.52979   7.63925
   171 138.11371  36.89280  11.39242  -2.97012   5.73743   9.99277
   144 138.48445  37.28961  -4.75936  -5.30559   5.34318   6.88644
   173 138.56002  36.74212 -10.15606   6.80809   3.86940   6.28611
   178 138.02193  36.48429  -2.83226  -2.32468   7.63327  11.54720
   180 138.59792  36.27975  -8.61487   7.27535   7.12870   7.99293
   177 138.39216  36.55375  -0.65994   8.97760   5.97185   8.73936
   145 138.95523  36.98303 -12.93561   6.20495   3.11149   4.07418
   183 138.29557  36.10383 -10.86776   0.82690   8.82522  13.00992
   123 139.35427  37.04767  -8.68188  10.70151   2.55050   2.95425
   143 139.23405  37.34366  -9.38963   4.32893   3.60118   3.43043
   121 139.71520  37.36323 -12.41806  11.01182   3.52277   3.34339
   125 139.77721  36.90004 -11.58724   6.45404   2.99133   3.32073
   139 139.14320  37.95140  -6.93282  37.14349   6.97467   5.83316
   142 139.34585  37.62248  -9.08666  16.69783   4.80937   4.01897
   140 138.81681  37.71864  -4.75737  15.24133   7.52766   5.69290
   137 139.51494  38.12784  -5.42353  15.45214   7.36771   5.33609
   117 139.70757  37.85489  -9.27288  17.96690   5.13026   4.50184
   136 139.84952  38.34300 -13.83454  22.77603   6.05863   5.20046
   118 140.24477  37.73542 -13.75300   9.76434   4.29861   4.69098
   114 140.16518  38.22679 -14.76458  15.83683   4.89571   4.69952
   115 140.47677  38.09446 -13.74977   7.86581   4.91278   4.93405
   120 140.20474  37.37409 -20.09502   7.07367   3.60445   5.02998
   119 140.70207  37.35496 -31.84013   4.96114   4.61483   7.45149
   116 140.79365  37.80052 -17.53318   5.68919   5.21824   6.53811
   124 140.27342  36.93022 -23.76464  15.81232   3.59977   5.44479
   330 139.96186  37.15021 -15.21264   5.57948   2.89864   4.03493
   122 140.74896  37.06636 -35.83768  17.35492   4.74641   8.10210
   134 139.74796  38.76300   1.59079  14.24148   6.71205   7.17461
   109 140.21978  39.03205   8.63084   2.77168   4.09319   6.82394
   111 140.21096  38.52930 -10.83621  16.63591   4.89376   4.79099
   102 140.35573  39.29689   2.94706  -2.22859   3.36459   5.70227
    96 140.31114  39.79701  -1.07350  -9.37259   5.03345   4.87728
    98 140.75469  39.57042   0.33552   9.96270   3.07190   3.78735
   105 140.82925  39.16370  -3.87762   9.56155   3.31966   4.13572
   110 140.78883  38.96095  -1.59265   9.29672   3.91621   4.48039
   101 141.18985  39.33786  -3.87420  19.49232   3.07493   3.75661
   106 141.18437  39.01292   0.62338  20.96862   4.48330   4.17322
   107 141.44763  38.97523  -2.77555  23.63696   4.95702   4.85725
   108 141.17212  38.56480   2.20065  22.47773   5.70624   5.43939
   103 141.40211  39.20117  -4.08658  18.62133   3.82162   4.45261
   113 140.82537  38.18970 -10.23978   7.96961   5.34088   5.74676
   112 140.62028  38.45549  -8.27561  15.09438   4.98197   4.26758
    95 141.00144  39.85262 -11.01596  15.86373   3.86980   2.99924
    99 141.48943  39.55837 -10.51943  23.18438   2.73690   4.77812
   104 141.72951  39.20399  -5.93964  21.16094   5.13690   5.95007
    88 141.58478  40.40069 -34.83224  10.73800   8.09141   8.74867
    89 141.30879  40.38797 -35.52314  -5.23135   8.30609   7.65547
    92 141.75888  40.04968 -24.38743  27.50602   5.30319   7.46416
    93 141.54140  40.03804 -15.47397  22.78853   4.44920   5.94701
    90 140.94480  40.24603  -9.81191   1.21628   7.11100   3.93381
    87 140.40930  40.42849  -2.29786 -14.29907   9.70023   8.15714
    94 140.54462  39.97676   1.41516   0.97567   5.43346   3.53041
    91 140.13071  40.18743  -3.06247  -5.33213   8.91840   7.65630
    97 141.78147  39.72690 -11.15420  28.92817   3.75841   7.07523
   100 141.97526  39.53860  -5.03118  18.45126   5.19076   7.79609
   377 140.44890  38.84025  -8.27148  11.94507   0.90196   0.63302
   376 140.11322  38.83543  -4.56106   8.92836   0.99217   0.86632