 Bench Longitude  Latitude  VE(mm/yr) VN(mm/yr)  Err E      Err N
   130 139.67583  36.36035 -11.05668  12.41495   1.66908   1.38604
   131 140.10714  36.22547 -16.71370  12.33330   2.11884   2.05158
   146 139.19054  36.00584  -4.05281  19.47902   2.58387   4.02851
   102 140.35573  39.29689  -5.32238  18.88338   1.34532   1.62623
   105 140.82925  39.16370 -14.12795  13.26527   1.12822   1.25505
   110 140.78883  38.96095 -12.80106  10.82198   1.12859   1.17644
   109 140.21978  39.03205 -12.85310  15.80589   1.62777   1.92947
   106 141.18437  39.01292 -19.29115   9.27093   1.21284   1.22786
   108 141.17212  38.56480 -25.24781   5.43687   1.40240   2.06666
   113 140.82537  38.18970 -14.85807  13.82116   1.41278   1.95619
   112 140.62028  38.45549 -13.48319  11.04087   1.33166   1.50193
   111 140.21096  38.52930 -10.37489  13.90042   1.26245   1.58531
   114 140.16518  38.22679 -12.09755  11.36411   1.18122   1.59139
   115 140.47677  38.09446 -13.90326  12.75124   1.27068   1.60848
   116 140.79365  37.80052 -13.57460   8.83001   1.52958   1.98427
   118 140.24477  37.73542 -12.93054   9.29348   1.12512   1.42043
   117 139.70757  37.85489  -9.91130   8.79052   1.26430   1.58244
   119 140.70207  37.35496 -17.70659   9.55657   1.51800   1.97982
   121 139.71520  37.36323 -13.68357   6.99707   1.05750   0.97932
   120 140.20474  37.37409 -16.33810   9.97875   1.11172   1.34079
   122 140.74896  37.06636 -24.00067  12.04487   1.72791   2.43180
   124 140.27342  36.93022 -17.36643  11.90501   1.08284   1.26989
   330 139.96186  37.15021 -18.36922   9.25260   0.94234   1.11947
   125 139.77721  36.90004 -15.99337  12.99010   1.03261   0.95896
   123 139.35427  37.04767  -9.71486  11.18374   1.06724   1.09123
   127 140.58825  36.62106 -28.25917  11.36862   2.07348   1.90928
   126 139.49129  36.76522 -11.09062  12.60392   1.07070   1.08515
   128 140.22984  36.61754 -20.02274  11.13281   1.45205   1.34456
   129 139.88771  36.57006 -13.79221  12.18069   1.28201   1.19522
   174 139.17782  36.54108  -7.50102  12.26753   1.42702   1.20436
   145 138.95523  36.98303  -5.27362  11.14403   1.41859   1.20540
   144 138.48445  37.28961  -2.39021  17.49804   1.67346   1.90985
   173 138.56002  36.74212  -6.49381  15.58037   1.28173   1.25504
   171 138.11371  36.89280  -2.38685  15.86739   1.65956   2.50233
   178 138.02193  36.48429  -4.17207  10.97705   2.14881   2.02449
   180 138.59792  36.27975  -6.30788  10.22228   2.07776   1.62573
   177 138.39216  36.55375 -10.75610  12.67398   2.61890   2.26727
   183 138.29557  36.10383  -5.68796  10.85786   2.69707   2.96109
   134 139.74796  38.76300  -8.68960  14.73227   2.21202   2.41449
   136 139.84952  38.34300  -9.76952  10.44398   1.55722   1.81865
   142 139.34585  37.62248  -6.81664   8.50633   1.27638   1.37113
   137 139.51494  38.12784  -8.19742  11.28220   1.72871   1.91905
   143 139.23405  37.34366  -6.04517   9.20156   1.15874   1.15680
   139 139.14320  37.95140  -3.73669  14.03101   1.91078   2.06013
   140 138.81681  37.71864  -4.37154   9.62949   2.13289   1.92841
    87 140.40930  40.42849   1.24645  10.21755   2.28612   2.95870
    90 140.94480  40.24603  -5.72971  14.20332   1.75693   1.23842
    94 140.54462  39.97676  -1.30856  12.74359   1.22020   1.42259
    91 140.13071  40.18743   9.35741  10.12255   2.24772   2.89272
    88 141.58478  40.40069  -3.50178  12.21264   2.04134   2.37250
    92 141.75888  40.04968  -4.50311   8.47888   1.50261   1.74233
    93 141.54140  40.03804  -8.28992  10.15054   1.08553   1.44308
    89 141.30879  40.38797  -1.55908  18.26695   2.13523   2.22391
    95 141.00144  39.85262  -6.02104  11.06917   1.17062   1.09839
    96 140.31114  39.79701   2.94652  17.46717   1.27244   1.86060
    97 141.78147  39.72690 -11.06721   9.26900   1.30937   1.96648
    99 141.48943  39.55837 -10.80183  10.21349   0.99231   1.29861
    98 140.75469  39.57042  -8.30774  13.58036   1.00904   1.36610
   101 141.18985  39.33786 -13.60512  10.94600   1.04268   1.11574
   100 141.97526  39.53860 -12.25541  12.36578   1.91597   2.01475
   104 141.72951  39.20399 -13.42227  11.63270   1.50407   1.61007
   103 141.40211  39.20117 -15.34207  11.67312   1.02723   1.24583
   107 141.44763  38.97523 -18.28255   8.91334   1.18291   1.52172