 Bench Longitude  Latitude  VE(mm/yr) VN(mm/yr)  Err E      Err N
   130 139.67583  36.36035 -13.28365   0.67732   2.89448   3.48541
   131 140.10714  36.22547 -13.81433  -4.51637   4.15523   4.84126
   146 139.19054  36.00584 -17.64694   4.18016   4.89409   6.50129
   102 140.35573  39.29689  -4.07773  22.22426   3.08788   2.79208
   105 140.82925  39.16370 -15.12691  17.34332   1.92514   2.26633
   110 140.78883  38.96095 -13.21620  16.49035   2.26745   2.83593
   109 140.21978  39.03205 -11.29463  20.44113   3.50826   3.59065
   106 141.18437  39.01292 -22.46038  15.31420   2.09171   2.85234
   108 141.17212  38.56480 -25.70886  14.96785   2.88377   4.31387
   113 140.82537  38.18970 -10.23597  23.06117   3.41517   4.66398
   112 140.62028  38.45549 -10.85595  18.35156   3.08241   3.96212
   111 140.21096  38.52930  -7.90928  19.43931   3.22238   3.95052
   114 140.16518  38.22679  -8.45241  16.51782   3.10179   3.97062
   115 140.47677  38.09446  -9.00487  19.23868   3.23268   4.11386
   116 140.79365  37.80052  -4.97980  15.14111   3.92179   4.32315
   118 140.24477  37.73542  -7.25182  12.51603   2.89023   3.36708
   117 139.70757  37.85489  -6.52580  11.21728   2.63587   3.60223
   119 140.70207  37.35496  -6.38385   9.73028   4.13200   3.74705
   121 139.71520  37.36323 -10.45910   6.35471   1.77228   2.02006
   120 140.20474  37.37409  -9.84682   9.50062   2.73069   2.66801
   122 140.74896  37.06636 -11.20110   8.18023   4.56156   3.89955
   124 140.27342  36.93022 -10.04427   6.17915   3.00847   2.51114
   330 139.96186  37.15021 -13.82292   6.59797   2.03120   1.94201
   125 139.77721  36.90004 -13.74226   8.38005   1.66769   1.55389
   123 139.35427  37.04767  -9.87614   9.53469   1.22014   1.37598
   127 140.58825  36.62106 -17.23844   0.38734   4.71382   3.98577
   126 139.49129  36.76522 -12.48803   7.88970   1.46711   1.60802
   128 140.22984  36.61754 -13.70958   0.76644   3.42211   3.15835
   129 139.88771  36.57006 -12.11996   2.27064   2.54076   2.76853
   174 139.17782  36.54108 -13.94771   8.38799   2.53117   2.43707
   145 138.95523  36.98303  -7.56363  11.67186   2.30223   1.86946
   144 138.48445  37.28961  -1.40863  20.93132   4.10456   3.73916
   173 138.56002  36.74212 -11.38899  19.34000   3.91928   3.02659
   171 138.11371  36.89280  -3.61533  22.80130   5.79853   4.63764
   178 138.02193  36.48429  -9.05316  22.66456   6.87346   5.74808
   180 138.59792  36.27975 -18.09382  15.37272   5.06946   4.86835
   177 138.39216  36.55375 -16.50258  20.21524   5.47545   4.63288
   183 138.29557  36.10383 -17.74492  22.48845   6.73906   7.20198
   134 139.74796  38.76300  -6.62604  18.91564   4.49093   4.46816
   136 139.84952  38.34300  -6.75170  14.89798   3.47905   4.46075
   142 139.34585  37.62248  -4.63340   9.59676   2.16491   3.07961
   137 139.51494  38.12784  -5.61488  13.83523   3.29535   4.55194
   143 139.23405  37.34366  -5.05490   9.70460   1.70534   2.22947
   139 139.14320  37.95140  -1.61976  15.40724   3.26093   4.62096
   140 138.81681  37.71864  -1.71975  11.24603   3.65439   4.29578
    87 140.40930  40.42849   7.00743   4.75435   5.06876   7.96194
    90 140.94480  40.24603  -4.40298   7.46289   3.50312   5.32775
    94 140.54462  39.97676   1.33257  10.49545   3.03635   4.07297
    91 140.13071  40.18743  15.54867   7.86849   5.66833   6.62757
    88 141.58478  40.40069  -8.01437   0.32720   5.79939   6.42942
    92 141.75888  40.04968 -12.41790   0.97268   5.04980   4.33618
    93 141.54140  40.03804 -13.98428   3.50033   3.97031   3.96099
    89 141.30879  40.38797  -3.16583   7.55071   4.88955   6.37257
    95 141.00144  39.85262  -7.16479   8.35061   1.89874   2.78931
    96 140.31114  39.79701   6.07070  17.30729   3.72366   3.67305
    97 141.78147  39.72690 -20.32204   6.15082   4.17296   3.41769
    99 141.48943  39.55837 -17.19466   9.66756   2.49006   2.22011
    98 140.75469  39.57042  -8.46998  14.23412   1.67739   2.03272
   101 141.18985  39.33786 -17.19565  13.36786   1.47811   1.82194
   100 141.97526  39.53860 -24.15889  11.86025   4.87141   3.69361
   104 141.72951  39.20399 -22.40497  15.97193   3.42754   3.42060
   103 141.40211  39.20117 -20.87195  15.73580   2.10232   2.53591
   107 141.44763  38.97523 -23.48967  15.97938   2.51098   3.48888