 Bench Longitude  Latitude  VE(mm/yr) VN(mm/yr)  Err E      Err N
   130 139.67583  36.36035 -17.04419  12.42358   2.92480   2.50133
   174 139.17782  36.54108  -4.14277   8.12736   2.96716   2.59827
   131 140.10714  36.22547 -10.58698  14.38882   2.99620   3.40005
   146 139.19054  36.00584 -17.44738  26.73191   5.35171   5.44995
   129 139.88771  36.57006 -16.83753  12.08680   2.21923   2.76401
   126 139.49129  36.76522  -5.36776   2.15382   2.11372   2.28492
   128 140.22984  36.61754 -12.73957  11.91992   2.22972   2.66468
   127 140.58825  36.62106 -13.03605  11.33550   2.83573   3.06546
   171 138.11371  36.89280  14.57018   6.35464   3.29590   4.77972
   144 138.48445  37.28961   3.78973  -0.85662   2.98296   3.48523
   173 138.56002  36.74212  -8.84975  10.58271   2.80260   2.59015
   178 138.02193  36.48429  -6.90301   6.32411   2.83140   3.60570
   180 138.59792  36.27975 -13.28069   9.02468   3.62782   2.71940
   177 138.39216  36.55375  -2.45291  13.71527   3.94532   3.74170
   145 138.95523  36.98303  -8.43799   7.15944   2.73302   2.55431
   183 138.29557  36.10383 -19.49354   4.43943   3.87506   4.35194
   123 139.35427  37.04767  -3.84246   9.08820   2.00912   2.40034
   143 139.23405  37.34366  -2.72719   3.52796   1.95850   2.54241
   121 139.71520  37.36323  -6.10389   9.06248   2.27890   2.10718
   125 139.77721  36.90004  -6.17776   1.95363   2.13688   2.20182
   139 139.14320  37.95140   1.27043  32.51124   3.28750   4.38585
   142 139.34585  37.62248  -2.15494  14.72331   2.20297   2.98849
   140 138.81681  37.71864   6.45967  12.03571   3.80102   4.16571
   137 139.51494  38.12784  -1.23771  12.36410   4.76921   3.38419
   117 139.70757  37.85489  -4.94908  17.72651   2.67547   3.00812
   136 139.84952  38.34300 -14.07599  20.21652   3.42491   2.83961
   114 140.16518  38.22679 -16.50232  16.88537   2.45752   2.82635
   115 140.47677  38.09446 -15.43227  12.52121   2.40847   2.75326
   120 140.20474  37.37409 -13.32159   5.43408   2.43481   2.75119
   119 140.70207  37.35496 -21.12001   4.15516   2.80000   3.69606
   116 140.79365  37.80052 -13.94031  13.56192   2.57430   3.93768
   124 140.27342  36.93022 -14.93276   9.31839   2.25880   2.50256
   330 139.96186  37.15021  -8.41071   2.54887   2.02304   2.37022
   122 140.74896  37.06636 -22.41151  11.88360   3.03283   4.27481
   134 139.74796  38.76300  -3.21182   9.78650   4.12897   5.04057
   109 140.21978  39.03205  -1.21032   1.24029   2.97373   4.22660
   111 140.21096  38.52930 -15.99780  16.48308   2.37836   2.93153
   102 140.35573  39.29689  -7.38487  -1.57403   2.40003   3.21398
    96 140.31114  39.79701  -8.64588  -0.27072   2.64520   2.97213
    98 140.75469  39.57042  -5.67750  11.20793   2.21024   2.68415
   105 140.82925  39.16370 -13.58530   8.23621   2.16080   2.69447
   110 140.78883  38.96095 -12.28614   9.53179   2.28044   2.61274
   101 141.18985  39.33786 -11.79994  15.22208   2.21504   2.36895
   106 141.18437  39.01292 -11.54098  18.68466   2.46204   2.61881
   107 141.44763  38.97523 -16.03576  19.83203   2.15192   3.16974
   108 141.17212  38.56480  -9.45849  27.35403   2.86151   4.23406
   103 141.40211  39.20117 -14.61113  12.39526   1.89464   2.67060
   113 140.82537  38.18970 -14.77980  16.86312   2.55488   3.47083
   112 140.62028  38.45549 -15.00302  18.80315   2.62913   2.56909
    95 141.00144  39.85262 -10.50025  16.41042   2.67785   2.48858
    99 141.48943  39.55837 -13.96800  14.48346   2.06569   2.65656
   104 141.72951  39.20399 -17.94422  10.44705   2.70604   3.29905
    88 141.58478  40.40069 -12.17455   8.08892   4.02468   4.17383
    89 141.30879  40.38797 -16.32040  -1.07366   4.84407   4.07033
    92 141.75888  40.04968 -11.50117  14.98752   2.77129   3.42985
    93 141.54140  40.03804  -4.95708  15.08272   2.36371   2.98743
    90 140.94480  40.24603  -0.98002   8.14375   3.32846   2.98361
    87 140.40930  40.42849   3.94746   4.55712   4.45669   5.56862
    94 140.54462  39.97676  -0.87375   9.00452   2.53461   2.61193
    91 140.13071  40.18743  -5.23665   7.81117   3.67346   3.74300
    97 141.78147  39.72690  -9.22767  14.83495   2.47807   3.89298
   100 141.97526  39.53860  -9.92118   1.91696   3.44620   4.17272
   377 140.44890  38.84025 -11.17065  14.23418   0.44319   0.11314
   376 140.11322  38.83543  -7.51369  12.07830   0.58680   0.12651