 Bench Longitude  Latitude  VE(mm/yr) VN(mm/yr)  Err E      Err N
   130 139.67583  36.36035 -14.31106   5.69117   1.55531   1.88499
   131 140.10714  36.22547 -13.64420   3.83273   2.25245   2.60146
   146 139.19054  36.00584 -15.66668  11.82301   2.56636   3.65422
   102 140.35573  39.29689  -1.95086  15.42671   1.51934   1.37671
   105 140.82925  39.16370 -11.89122  14.96366   1.00115   1.11631
   110 140.78883  38.96095  -9.87562  14.24943   1.14358   1.32745
   109 140.21978  39.03205  -5.76016  15.42510   1.75197   1.61301
   106 141.18437  39.01292 -16.07988  16.47171   1.11056   1.35716
   108 141.17212  38.56480 -18.02268  16.58751   1.50244   2.01295
   113 140.82537  38.18970  -9.97418  18.68806   1.72196   2.24699
   112 140.62028  38.45549  -9.91043  17.12286   1.52229   1.91233
   111 140.21096  38.52930  -8.43306  18.33185   1.60686   1.90803
   376 140.11322  38.83543  -1.47227  14.03396   2.06078   1.78634
   377 140.44890  38.84025 -10.03228  14.62561   1.57217   1.56762
   114 140.16518  38.22679  -9.87070  15.95270   1.59882   1.99346
   115 140.47677  38.09446 -10.00431  15.83736   1.63409   2.03021
   116 140.79365  37.80052  -8.04193  12.23631   1.95712   2.15144
   118 140.24477  37.73542  -8.71281  11.37150   1.48006   1.69031
   117 139.70757  37.85489  -7.00055  12.59359   1.33598   1.73710
   119 140.70207  37.35496 -12.84520   8.03354   2.08690   1.84696
   121 139.71520  37.36323 -10.71438   7.14679   0.92111   1.07049
   120 140.20474  37.37409 -12.28984   8.41941   1.39986   1.36349
   122 140.74896  37.06636 -17.42745  10.15097   2.35637   2.00278
   124 140.27342  36.93022 -13.39088   8.26624   1.59487   1.29249
   330 139.96186  37.15021 -13.91807   5.87551   1.08107   1.05005
   125 139.77721  36.90004 -12.89806   7.40361   0.93468   0.86324
   123 139.35427  37.04767  -9.29986   9.38655   0.69465   0.79199
   127 140.58825  36.62106 -18.88848   5.83340   2.58852   2.04917
   126 139.49129  36.76522 -11.19871   6.97492   0.82473   0.91964
   128 140.22984  36.61754 -15.21039   5.93639   1.85777   1.62183
   129 139.88771  36.57006 -14.17762   6.77318   1.38478   1.44329
   174 139.17782  36.54108 -11.17454   8.60149   1.33420   1.31592
   145 138.95523  36.98303  -8.73729   9.76823   1.20714   1.00070
   144 138.48445  37.28961  -2.06578  13.54922   2.11399   1.94027
   173 138.56002  36.74212 -10.82595  15.56073   1.97764   1.59533
   171 138.11371  36.89280   0.57928  15.52999   2.96508   2.36211
   178 138.02193  36.48429  -7.19104  15.58584   3.46428   2.97904
   180 138.59792  36.27975 -15.34773  12.74636   2.61241   2.53152
   177 138.39216  36.55375 -12.07687  16.77449   2.92001   2.49941
   183 138.29557  36.10383 -15.70450  16.27076   3.52069   3.63024
   134 139.74796  38.76300  -4.20184  17.32282   2.33510   2.14592
   136 139.84952  38.34300  -8.37696  16.60529   1.80897   2.18292
   142 139.34585  37.62248  -5.56288  11.05290   1.12853   1.57063
   137 139.51494  38.12784  -5.31815  13.86933   1.84406   2.22504
   143 139.23405  37.34366  -5.95100   7.84097   0.89590   1.17840
   139 139.14320  37.95140  -2.78765  20.76059   1.71822   2.37451
   140 138.81681  37.71864  -2.28956  11.88997   1.80237   2.20710
    87 140.40930  40.42849   4.80896  -0.55728   2.64358   3.77033
    90 140.94480  40.24603  -5.55843   5.53503   1.82457   2.63216
    94 140.54462  39.97676   1.62513   7.68157   1.54467   2.02038
    91 140.13071  40.18743  10.87677   4.09323   2.82906   3.19559
    88 141.58478  40.40069 -14.82469   2.82446   2.94661   3.17986
    92 141.75888  40.04968 -15.30121   7.72619   2.52693   2.27216
    93 141.54140  40.03804 -14.09774   8.33248   2.01117   2.04568
    89 141.30879  40.38797 -11.44963   3.90245   2.47507   3.08502
    95 141.00144  39.85262  -7.91832  10.04481   1.02338   1.43955
    96 140.31114  39.79701   4.44589   9.93832   1.81312   1.90714
    97 141.78147  39.72690 -17.61756  11.89388   2.12743   1.82280
    99 141.48943  39.55837 -15.16066  12.94783   1.31854   1.18234
    98 140.75469  39.57042  -5.87303  12.79283   0.80025   1.04691
   101 141.18985  39.33786 -13.41206  14.67801   0.81541   0.91568
   100 141.97526  39.53860 -18.81890  13.30633   2.50326   1.92349
   104 141.72951  39.20399 -17.77656  17.02125   1.84270   1.68007
   103 141.40211  39.20117 -16.16340  16.17491   1.16193   1.24278
   107 141.44763  38.97523 -17.73399  17.66005   1.39733   1.70065